\BOOKMARK [0][-]{chapter*.3}{\315ndice de figuras}{}% 1
\BOOKMARK [0][-]{chapter.1}{Introducci\363n}{}% 2
\BOOKMARK [1][-]{section.1.1}{Tecnolog\355as web}{chapter.1}% 3
\BOOKMARK [2][-]{subsection.1.1.1}{Protocolo HTTP}{section.1.1}% 4
\BOOKMARK [2][-]{subsection.1.1.2}{Arquitectura API REST}{section.1.1}% 5
\BOOKMARK [2][-]{subsection.1.1.3}{Paradigma MVC}{section.1.1}% 6
\BOOKMARK [1][-]{section.1.2}{Tecnolog\355as del Cliente Web}{chapter.1}% 7
\BOOKMARK [2][-]{subsection.1.2.1}{HTML 5}{section.1.2}% 8
\BOOKMARK [2][-]{subsection.1.2.2}{ECMAScript 6}{section.1.2}% 9
\BOOKMARK [2][-]{subsection.1.2.3}{CSS3}{section.1.2}% 10
\BOOKMARK [2][-]{subsection.1.2.4}{DOM}{section.1.2}% 11
\BOOKMARK [2][-]{subsection.1.2.5}{Entornos de programaci\363n para el lado cliente}{section.1.2}% 12
\BOOKMARK [1][-]{section.1.3}{Tecnolog\355a del Servidor Web}{chapter.1}% 13
\BOOKMARK [2][-]{subsection.1.3.1}{Entornos de programaci\363n lado servidor}{section.1.3}% 14
\BOOKMARK [2][-]{subsection.1.3.2}{Tecnolog\355as de bases de datos}{section.1.3}% 15
\BOOKMARK [1][-]{section.1.4}{Computaci\363n en la nube}{chapter.1}% 16
\BOOKMARK [1][-]{section.1.5}{Antecedentes}{chapter.1}% 17
\BOOKMARK [0][-]{chapter.2}{Objetivos}{}% 18
\BOOKMARK [1][-]{section.2.1}{Metodolog\355a}{chapter.2}% 19
\BOOKMARK [1][-]{section.2.2}{Plan de trabajo}{chapter.2}% 20
\BOOKMARK [0][-]{chapter.3}{Infraestructura}{}% 21
\BOOKMARK [1][-]{section.3.1}{Angular }{chapter.3}% 22
\BOOKMARK [2][-]{subsection.3.1.1}{M\363dulo}{section.3.1}% 23
\BOOKMARK [2][-]{subsection.3.1.2}{Componente}{section.3.1}% 24
\BOOKMARK [2][-]{subsection.3.1.3}{Plantilla}{section.3.1}% 25
\BOOKMARK [2][-]{subsection.3.1.4}{Metadatos}{section.3.1}% 26
\BOOKMARK [2][-]{subsection.3.1.5}{Data Binding}{section.3.1}% 27
\BOOKMARK [2][-]{subsection.3.1.6}{Directiva}{section.3.1}% 28
\BOOKMARK [2][-]{subsection.3.1.7}{Servicio }{section.3.1}% 29
\BOOKMARK [2][-]{subsection.3.1.8}{Inyecci\363n de Dependencias}{section.3.1}% 30
\BOOKMARK [1][-]{section.3.2}{Node}{chapter.3}% 31
\BOOKMARK [1][-]{section.3.3}{MongoDB}{chapter.3}% 32
\BOOKMARK [2][-]{subsection.3.3.1}{Caracter\355sticas}{section.3.3}% 33
\BOOKMARK [2][-]{subsection.3.3.2}{Documento en MongoDB}{section.3.3}% 34
\BOOKMARK [2][-]{subsection.3.3.3}{Inconvenientes de MongoDB}{section.3.3}% 35
\BOOKMARK [2][-]{subsection.3.3.4}{Fragmentaci\363n \(Sharding\)}{section.3.3}% 36
\BOOKMARK [1][-]{section.3.4}{Express}{chapter.3}% 37
\BOOKMARK [2][-]{subsection.3.4.1}{Introducci\363n}{section.3.4}% 38
\BOOKMARK [2][-]{subsection.3.4.2}{Estructura de una API}{section.3.4}% 39
\BOOKMARK [1][-]{section.3.5}{Amazon web services}{chapter.3}% 40
\BOOKMARK [0][-]{chapter.4}{Dise\361o e implementaci\363n}{}% 41
\BOOKMARK [1][-]{section.4.1}{Dise\361o}{chapter.4}% 42
\BOOKMARK [1][-]{section.4.2}{Lado cliente de la aplicaci\363n web}{chapter.4}% 43
\BOOKMARK [2][-]{subsection.4.2.1}{Modulos: }{section.4.2}% 44
\BOOKMARK [2][-]{subsection.4.2.2}{Componentes: }{section.4.2}% 45
\BOOKMARK [2][-]{subsection.4.2.3}{Plantilla }{section.4.2}% 46
\BOOKMARK [2][-]{subsection.4.2.4}{Data Binding}{section.4.2}% 47
\BOOKMARK [2][-]{subsection.4.2.5}{Directiva: }{section.4.2}% 48
\BOOKMARK [2][-]{subsection.4.2.6}{Servicio }{section.4.2}% 49
\BOOKMARK [1][-]{section.4.3}{Lado servidor de la aplicaci\363n}{chapter.4}% 50
\BOOKMARK [2][-]{subsection.4.3.1}{Server.js}{section.4.3}% 51
\BOOKMARK [2][-]{subsection.4.3.2}{Estructura de la base de datos}{section.4.3}% 52
\BOOKMARK [2][-]{subsection.4.3.3}{Controladores}{section.4.3}% 53
\BOOKMARK [1][-]{section.4.4}{Casos de usos}{chapter.4}% 54
\BOOKMARK [2][-]{subsection.4.4.1}{Funcionalidad Alumno}{section.4.4}% 55
\BOOKMARK [2][-]{subsection.4.4.2}{Funcionalidad Profesor}{section.4.4}% 56
\BOOKMARK [0][-]{chapter.5}{Despliegue en la nube}{}% 57
\BOOKMARK [1][-]{section.5.1}{Lanzar una instancia en AWS}{chapter.5}% 58
\BOOKMARK [1][-]{section.5.2}{Lanzar una aplicaci\363n MEAN a producci\363n}{chapter.5}% 59
\BOOKMARK [0][-]{chapter.6}{Conclusiones}{}% 60
\BOOKMARK [1][-]{section.6.1}{Conclusiones}{chapter.6}% 61
\BOOKMARK [1][-]{section.6.2}{Trabajos Futuros }{chapter.6}% 62
\BOOKMARK [0][-]{chapter*.8}{Bibliograf\355a}{}% 63
